{"C:\\Users\\nam.letranbao\\OneDrive - NASHTECH\\Course\\Node Js Fundamentals\\Assignment\\salary-mvc\\services-mongodb\\calc-salary.js": {"path":"C:\\Users\\nam.letranbao\\OneDrive - NASHTECH\\Course\\Node Js Fundamentals\\Assignment\\salary-mvc\\services-mongodb\\calc-salary.js","statementMap":{"0":{"start":{"line":1,"column":12},"end":{"line":1,"column":47}},"1":{"start":{"line":2,"column":18},"end":{"line":2,"column":59}},"2":{"start":{"line":5,"column":30},"end":{"line":7,"column":3}},"3":{"start":{"line":6,"column":11},"end":{"line":6,"column":39}},"4":{"start":{"line":9,"column":29},"end":{"line":9,"column":59}},"5":{"start":{"line":10,"column":33},"end":{"line":10,"column":60}},"6":{"start":{"line":12,"column":24},"end":{"line":12,"column":60}},"7":{"start":{"line":13,"column":2},"end":{"line":15,"column":3}},"8":{"start":{"line":14,"column":4},"end":{"line":14,"column":41}},"9":{"start":{"line":17,"column":2},"end":{"line":17,"column":25}},"10":{"start":{"line":21,"column":30},"end":{"line":23,"column":3}},"11":{"start":{"line":22,"column":11},"end":{"line":22,"column":39}},"12":{"start":{"line":24,"column":29},"end":{"line":24,"column":59}},"13":{"start":{"line":25,"column":33},"end":{"line":25,"column":60}},"14":{"start":{"line":27,"column":24},"end":{"line":27,"column":60}},"15":{"start":{"line":28,"column":2},"end":{"line":30,"column":3}},"16":{"start":{"line":29,"column":4},"end":{"line":29,"column":41}},"17":{"start":{"line":32,"column":2},"end":{"line":32,"column":25}},"18":{"start":{"line":36,"column":36},"end":{"line":38,"column":3}},"19":{"start":{"line":37,"column":11},"end":{"line":37,"column":45}},"20":{"start":{"line":39,"column":35},"end":{"line":39,"column":71}},"21":{"start":{"line":40,"column":39},"end":{"line":40,"column":72}},"22":{"start":{"line":42,"column":30},"end":{"line":42,"column":72}},"23":{"start":{"line":43,"column":2},"end":{"line":45,"column":3}},"24":{"start":{"line":44,"column":4},"end":{"line":44,"column":53}},"25":{"start":{"line":47,"column":2},"end":{"line":47,"column":31}},"26":{"start":{"line":51,"column":20},"end":{"line":51,"column":64}},"27":{"start":{"line":51,"column":51},"end":{"line":51,"column":62}},"28":{"start":{"line":53,"column":25},"end":{"line":53,"column":26}},"29":{"start":{"line":54,"column":26},"end":{"line":54,"column":27}},"30":{"start":{"line":55,"column":2},"end":{"line":66,"column":3}},"31":{"start":{"line":56,"column":4},"end":{"line":56,"column":73}},"32":{"start":{"line":56,"column":43},"end":{"line":56,"column":67}},"33":{"start":{"line":63,"column":4},"end":{"line":65,"column":10}},"34":{"start":{"line":64,"column":13},"end":{"line":64,"column":64}},"35":{"start":{"line":68,"column":2},"end":{"line":68,"column":60}},"36":{"start":{"line":72,"column":0},"end":{"line":77,"column":2}}},"fnMap":{"0":{"name":"healthInsurance","decl":{"start":{"line":4,"column":15},"end":{"line":4,"column":30}},"loc":{"start":{"line":4,"column":65},"end":{"line":18,"column":1}},"line":4},"1":{"name":"(anonymous_1)","decl":{"start":{"line":6,"column":4},"end":{"line":6,"column":5}},"loc":{"start":{"line":6,"column":11},"end":{"line":6,"column":39}},"line":6},"2":{"name":"socialInsurance","decl":{"start":{"line":20,"column":15},"end":{"line":20,"column":30}},"loc":{"start":{"line":20,"column":65},"end":{"line":33,"column":1}},"line":20},"3":{"name":"(anonymous_3)","decl":{"start":{"line":22,"column":4},"end":{"line":22,"column":5}},"loc":{"start":{"line":22,"column":11},"end":{"line":22,"column":39}},"line":22},"4":{"name":"unemploymentInsurance","decl":{"start":{"line":35,"column":15},"end":{"line":35,"column":36}},"loc":{"start":{"line":35,"column":71},"end":{"line":48,"column":1}},"line":35},"5":{"name":"(anonymous_5)","decl":{"start":{"line":37,"column":4},"end":{"line":37,"column":5}},"loc":{"start":{"line":37,"column":11},"end":{"line":37,"column":45}},"line":37},"6":{"name":"personalIncomeTax","decl":{"start":{"line":50,"column":15},"end":{"line":50,"column":32}},"loc":{"start":{"line":50,"column":53},"end":{"line":70,"column":1}},"line":50},"7":{"name":"(anonymous_7)","decl":{"start":{"line":51,"column":44},"end":{"line":51,"column":45}},"loc":{"start":{"line":51,"column":51},"end":{"line":51,"column":62}},"line":51},"8":{"name":"(anonymous_8)","decl":{"start":{"line":56,"column":36},"end":{"line":56,"column":37}},"loc":{"start":{"line":56,"column":43},"end":{"line":56,"column":67}},"line":56},"9":{"name":"(anonymous_9)","decl":{"start":{"line":64,"column":6},"end":{"line":64,"column":7}},"loc":{"start":{"line":64,"column":13},"end":{"line":64,"column":64}},"line":64}},"branchMap":{"0":{"loc":{"start":{"line":13,"column":2},"end":{"line":15,"column":3}},"type":"if","locations":[{"start":{"line":13,"column":2},"end":{"line":15,"column":3}},{"start":{},"end":{}}],"line":13},"1":{"loc":{"start":{"line":28,"column":2},"end":{"line":30,"column":3}},"type":"if","locations":[{"start":{"line":28,"column":2},"end":{"line":30,"column":3}},{"start":{},"end":{}}],"line":28},"2":{"loc":{"start":{"line":43,"column":2},"end":{"line":45,"column":3}},"type":"if","locations":[{"start":{"line":43,"column":2},"end":{"line":45,"column":3}},{"start":{},"end":{}}],"line":43},"3":{"loc":{"start":{"line":55,"column":2},"end":{"line":66,"column":3}},"type":"if","locations":[{"start":{"line":55,"column":2},"end":{"line":66,"column":3}},{"start":{"line":62,"column":9},"end":{"line":66,"column":3}}],"line":55},"4":{"loc":{"start":{"line":64,"column":13},"end":{"line":64,"column":64}},"type":"binary-expr","locations":[{"start":{"line":64,"column":13},"end":{"line":64,"column":37}},{"start":{"line":64,"column":41},"end":{"line":64,"column":64}}],"line":64}},"s":{"0":1,"1":1,"2":1,"3":1,"4":1,"5":1,"6":1,"7":1,"8":0,"9":1,"10":1,"11":2,"12":1,"13":1,"14":1,"15":1,"16":0,"17":1,"18":1,"19":3,"20":1,"21":1,"22":1,"23":1,"24":0,"25":1,"26":1,"27":7,"28":1,"29":1,"30":1,"31":0,"32":0,"33":1,"34":3,"35":1,"36":1},"f":{"0":1,"1":1,"2":1,"3":2,"4":1,"5":3,"6":1,"7":7,"8":0,"9":3},"b":{"0":[0,1],"1":[0,1],"2":[0,1],"3":[0,1],"4":[3,3]},"_coverageSchema":"1a1c01bbd47fc00a2c39e90264f33305004495a9","hash":"ec4311d63d94a956b3fb3df59b9510d4e6d6c7f7"}
,"C:\\Users\\nam.letranbao\\OneDrive - NASHTECH\\Course\\Node Js Fundamentals\\Assignment\\salary-mvc\\services-mongodb\\__test__\\db.js": {"path":"C:\\Users\\nam.letranbao\\OneDrive - NASHTECH\\Course\\Node Js Fundamentals\\Assignment\\salary-mvc\\services-mongodb\\__test__\\db.js","statementMap":{"0":{"start":{"line":1,"column":17},"end":{"line":1,"column":36}},"1":{"start":{"line":2,"column":30},"end":{"line":2,"column":62}},"2":{"start":{"line":7,"column":0},"end":{"line":15,"column":2}},"3":{"start":{"line":8,"column":2},"end":{"line":8,"column":44}},"4":{"start":{"line":9,"column":14},"end":{"line":9,"column":29}},"5":{"start":{"line":10,"column":23},"end":{"line":13,"column":3}},"6":{"start":{"line":14,"column":2},"end":{"line":14,"column":44}},"7":{"start":{"line":18,"column":0},"end":{"line":22,"column":2}},"8":{"start":{"line":19,"column":2},"end":{"line":19,"column":43}},"9":{"start":{"line":20,"column":2},"end":{"line":20,"column":36}},"10":{"start":{"line":21,"column":2},"end":{"line":21,"column":22}},"11":{"start":{"line":25,"column":0},"end":{"line":31,"column":2}},"12":{"start":{"line":26,"column":22},"end":{"line":26,"column":53}},"13":{"start":{"line":27,"column":2},"end":{"line":30,"column":3}},"14":{"start":{"line":28,"column":23},"end":{"line":28,"column":39}},"15":{"start":{"line":29,"column":4},"end":{"line":29,"column":34}}},"fnMap":{"0":{"name":"(anonymous_0)","decl":{"start":{"line":7,"column":25},"end":{"line":7,"column":26}},"loc":{"start":{"line":7,"column":37},"end":{"line":15,"column":1}},"line":7},"1":{"name":"(anonymous_1)","decl":{"start":{"line":18,"column":31},"end":{"line":18,"column":32}},"loc":{"start":{"line":18,"column":43},"end":{"line":22,"column":1}},"line":18},"2":{"name":"(anonymous_2)","decl":{"start":{"line":25,"column":31},"end":{"line":25,"column":32}},"loc":{"start":{"line":25,"column":43},"end":{"line":31,"column":1}},"line":25}},"branchMap":{},"s":{"0":1,"1":1,"2":1,"3":1,"4":1,"5":1,"6":1,"7":1,"8":1,"9":1,"10":1,"11":1,"12":4,"13":4,"14":8,"15":8},"f":{"0":1,"1":1,"2":4},"b":{},"_coverageSchema":"1a1c01bbd47fc00a2c39e90264f33305004495a9","hash":"716c3d2be9b655b82090e7bdff3f6fd4bb5b5cbf"}
,"C:\\Users\\nam.letranbao\\OneDrive - NASHTECH\\Course\\Node Js Fundamentals\\Assignment\\salary-mvc\\src\\Model\\insurance-mongodb.js": {"path":"C:\\Users\\nam.letranbao\\OneDrive - NASHTECH\\Course\\Node Js Fundamentals\\Assignment\\salary-mvc\\src\\Model\\insurance-mongodb.js","statementMap":{"0":{"start":{"line":1,"column":17},"end":{"line":1,"column":36}},"1":{"start":{"line":3,"column":24},"end":{"line":28,"column":2}},"2":{"start":{"line":30,"column":0},"end":{"line":30,"column":62}}},"fnMap":{},"branchMap":{},"s":{"0":1,"1":1,"2":1},"f":{},"b":{},"_coverageSchema":"1a1c01bbd47fc00a2c39e90264f33305004495a9","hash":"dbe9bc1f62bba773410b24a41583679820d1e8b1"}
,"C:\\Users\\nam.letranbao\\OneDrive - NASHTECH\\Course\\Node Js Fundamentals\\Assignment\\salary-mvc\\src\\Model\\tax-mongodb.js": {"path":"C:\\Users\\nam.letranbao\\OneDrive - NASHTECH\\Course\\Node Js Fundamentals\\Assignment\\salary-mvc\\src\\Model\\tax-mongodb.js","statementMap":{"0":{"start":{"line":1,"column":17},"end":{"line":1,"column":36}},"1":{"start":{"line":3,"column":18},"end":{"line":16,"column":2}},"2":{"start":{"line":18,"column":0},"end":{"line":18,"column":50}}},"fnMap":{},"branchMap":{},"s":{"0":1,"1":1,"2":1},"f":{},"b":{},"_coverageSchema":"1a1c01bbd47fc00a2c39e90264f33305004495a9","hash":"1d302535162d74b6f132a85cc4d79008060b6584"}
}
