TN:
SF:services-mongodb\calc-salary.js
FN:4,healthInsurance
FN:6,(anonymous_1)
FN:20,socialInsurance
FN:22,(anonymous_3)
FN:35,unemploymentInsurance
FN:37,(anonymous_5)
FN:50,personalIncomeTax
FN:51,(anonymous_7)
FN:56,(anonymous_8)
FN:64,(anonymous_9)
FNF:10
FNH:9
FNDA:1,healthInsurance
FNDA:1,(anonymous_1)
FNDA:1,socialInsurance
FNDA:2,(anonymous_3)
FNDA:1,unemploymentInsurance
FNDA:3,(anonymous_5)
FNDA:1,personalIncomeTax
FNDA:7,(anonymous_7)
FNDA:0,(anonymous_8)
FNDA:3,(anonymous_9)
DA:1,1
DA:2,1
DA:5,1
DA:6,1
DA:9,1
DA:10,1
DA:12,1
DA:13,1
DA:14,0
DA:17,1
DA:21,1
DA:22,2
DA:24,1
DA:25,1
DA:27,1
DA:28,1
DA:29,0
DA:32,1
DA:36,1
DA:37,3
DA:39,1
DA:40,1
DA:42,1
DA:43,1
DA:44,0
DA:47,1
DA:51,7
DA:53,1
DA:54,1
DA:55,1
DA:56,0
DA:63,1
DA:64,3
DA:68,1
DA:72,1
LF:35
LH:31
BRDA:13,0,0,0
BRDA:13,0,1,1
BRDA:28,1,0,0
BRDA:28,1,1,1
BRDA:43,2,0,0
BRDA:43,2,1,1
BRDA:55,3,0,0
BRDA:55,3,1,1
BRDA:64,4,0,3
BRDA:64,4,1,3
BRF:10
BRH:6
end_of_record
TN:
SF:services-mongodb\__test__\db.js
FN:7,(anonymous_0)
FN:18,(anonymous_1)
FN:25,(anonymous_2)
FNF:3
FNH:3
FNDA:1,(anonymous_0)
FNDA:1,(anonymous_1)
FNDA:4,(anonymous_2)
DA:1,1
DA:2,1
DA:7,1
DA:8,1
DA:9,1
DA:10,1
DA:14,1
DA:18,1
DA:19,1
DA:20,1
DA:21,1
DA:25,1
DA:26,4
DA:27,4
DA:28,8
DA:29,8
LF:16
LH:16
BRF:0
BRH:0
end_of_record
TN:
SF:src\Model\insurance-mongodb.js
FNF:0
FNH:0
DA:1,1
DA:3,1
DA:30,1
LF:3
LH:3
BRF:0
BRH:0
end_of_record
TN:
SF:src\Model\tax-mongodb.js
FNF:0
FNH:0
DA:1,1
DA:3,1
DA:18,1
LF:3
LH:3
BRF:0
BRH:0
end_of_record
